timeStamp,elapsed,label,responseCode,responseMessage,threadName,dataType,success,failureMessage,bytes,sentBytes,grpThreads,allThreads,URL,Latency,IdleTime,Connect
1644410430132,892,http://qamidhl.herokuapp.com/,200,OK,Thread Group 1-1,text,true,,388682,4318,1,1,http://qamidhl.herokuapp.com/,263,0,105
1644410430132,430,http://qamidhl.herokuapp.com/-0,200,OK,Thread Group 1-1,text,true,,55400,374,1,1,http://qamidhl.herokuapp.com/,263,0,105
1644410430564,185,http://qamidhl.herokuapp.com/-1,200,OK,Thread Group 1-1,text,true,,9440,475,1,1,https://fonts.googleapis.com/css?family=Libre+Franklin%3A300%2C300i%2C400%2C400i%2C600%2C600i%2C800%2C800i&subset=latin%2Clatin-ext,179,0,133
1644410430566,368,http://qamidhl.herokuapp.com/-2,200,OK,Thread Group 1-1,text,true,,83406,430,1,1,http://qamidhl.herokuapp.com/wp/wp-content/themes/twentyseventeen/style.css?ver=4.9.2,178,0,90
1644410430565,365,http://qamidhl.herokuapp.com/-3,200,OK,Thread Group 1-1,text,true,,97582,419,1,1,http://qamidhl.herokuapp.com/wp/wp-includes/js/jquery/jquery.js?ver=1.12.4,179,0,91
1644410430565,91,http://qamidhl.herokuapp.com/-4,200,OK,Thread Group 1-1,text,true,,10453,430,1,1,http://qamidhl.herokuapp.com/wp/wp-includes/js/jquery/jquery-migrate.min.js?ver=1.4.1,91,0,0
1644410430566,458,http://qamidhl.herokuapp.com/-5,200,OK,Thread Group 1-1,bin,true,,115221,435,1,1,http://qamidhl.herokuapp.com/wp/wp-content/themes/twentyseventeen/assets/images/header.jpg,181,0,90
1644410430567,175,http://qamidhl.herokuapp.com/-6,200,OK,Thread Group 1-1,text,true,,1077,451,1,1,http://qamidhl.herokuapp.com/wp/wp-content/themes/twentyseventeen/assets/js/skip-link-focus-fix.js?ver=1.0,175,0,89
1644410430657,90,http://qamidhl.herokuapp.com/-7,200,OK,Thread Group 1-1,text,true,,8078,438,1,1,http://qamidhl.herokuapp.com/wp/wp-content/themes/twentyseventeen/assets/js/global.js?ver=1.0,90,0,0
1644410430743,88,http://qamidhl.herokuapp.com/-8,200,OK,Thread Group 1-1,text,true,,6232,449,1,1,http://qamidhl.herokuapp.com/wp/wp-content/themes/twentyseventeen/assets/js/jquery.scrollTo.js?ver=2.1.2,88,0,0
1644410430748,90,http://qamidhl.herokuapp.com/-9,200,OK,Thread Group 1-1,text,true,,1793,417,1,1,http://qamidhl.herokuapp.com/wp/wp-includes/js/wp-embed.min.js?ver=4.9.2,90,0,0
1644410431092,887,http://qamidhl.herokuapp.com/?p=5,200,OK,Thread Group 1-1,text,true,,185618,6293,1,1,http://qamidhl.herokuapp.com/?p=5,304,0,0
1644410431092,565,http://qamidhl.herokuapp.com/?p=5-0,200,OK,Thread Group 1-1,text,true,,167908,378,1,1,http://qamidhl.herokuapp.com/?p=5,304,0,0
1644410431665,67,http://qamidhl.herokuapp.com/?p=5-1,200,OK,Thread Group 1-1,text,true,,9440,525,1,1,https://fonts.googleapis.com/css?family=Libre+Franklin%3A300%2C300i%2C400%2C400i%2C600%2C600i%2C800%2C800i&subset=latin%2Clatin-ext,67,0,0
1644410431666,105,http://qamidhl.herokuapp.com/?p=5-2,304,Not Modified,Thread Group 1-1,,true,,307,513,1,1,http://qamidhl.herokuapp.com/wp/wp-content/themes/twentyseventeen/style.css?ver=4.9.2,0,0,0
1644410431666,108,http://qamidhl.herokuapp.com/?p=5-3,304,Not Modified,Thread Group 1-1,,true,,307,502,1,1,http://qamidhl.herokuapp.com/wp/wp-includes/js/jquery/jquery.js?ver=1.12.4,0,0,0
1644410431666,108,http://qamidhl.herokuapp.com/?p=5-4,304,Not Modified,Thread Group 1-1,,true,,306,512,1,1,http://qamidhl.herokuapp.com/wp/wp-includes/js/jquery/jquery-migrate.min.js?ver=1.4.1,0,0,0
1644410431667,107,http://qamidhl.herokuapp.com/?p=5-5,304,Not Modified,Thread Group 1-1,,true,,301,518,1,1,http://qamidhl.herokuapp.com/wp/wp-content/themes/twentyseventeen/assets/images/header.jpg,0,0,0
1644410431668,128,http://qamidhl.herokuapp.com/?p=5-6,200,OK,Thread Group 1-1,bin,true,,2177,421,1,1,http://1.gravatar.com/avatar/42f33b596d391621a9fc8c7d90a394c3?s=100&d=mm&r=g,128,0,67
1644410431733,161,http://qamidhl.herokuapp.com/?p=5-7,200,OK,Thread Group 1-1,bin,true,,2177,421,1,1,http://2.gravatar.com/avatar/2a9c6cd6f5453123bf5eb32db1da4358?s=100&d=mm&r=g,161,0,110
1644410431771,93,http://qamidhl.herokuapp.com/?p=5-8,304,Not Modified,Thread Group 1-1,,true,,305,532,1,1,http://qamidhl.herokuapp.com/wp/wp-content/themes/twentyseventeen/assets/js/skip-link-focus-fix.js?ver=1.0,0,0,0
1644410431775,94,http://qamidhl.herokuapp.com/?p=5-9,304,Not Modified,Thread Group 1-1,,true,,306,520,1,1,http://qamidhl.herokuapp.com/wp/wp-content/themes/twentyseventeen/assets/js/global.js?ver=1.0,0,0,0
1644410431775,94,http://qamidhl.herokuapp.com/?p=5-10,304,Not Modified,Thread Group 1-1,,true,,306,531,1,1,http://qamidhl.herokuapp.com/wp/wp-content/themes/twentyseventeen/assets/js/jquery.scrollTo.js?ver=2.1.2,0,0,0
1644410431775,94,http://qamidhl.herokuapp.com/?p=5-11,200,OK,Thread Group 1-1,text,true,,1473,422,1,1,http://qamidhl.herokuapp.com/wp/wp-includes/js/comment-reply.min.js?ver=4.9.2,94,0,0
1644410431798,181,http://qamidhl.herokuapp.com/?p=5-12,304,Not Modified,Thread Group 1-1,,true,,305,498,1,1,http://qamidhl.herokuapp.com/wp/wp-includes/js/wp-embed.min.js?ver=4.9.2,0,0,89
1644410425877,1779,Test,200,"Number of samples in transaction : 2, number of failing samples : 0",Thread Group 1-1,,true,,574300,10611,1,1,null,567,4332,105
1644410433962,1118,http://qamidhl.herokuapp.com/wp/wp-comments-post.php,200,OK,Thread Group 1-1,text,true,,183246,9857,1,1,http://qamidhl.herokuapp.com/?p=5#comment-195,271,0,0
1644410433962,271,http://qamidhl.herokuapp.com/wp/wp-comments-post.php-0,302,Found,Thread Group 1-1,text,true,,787,696,1,1,http://qamidhl.herokuapp.com/wp/wp-comments-post.php,271,0,0
1644410434233,666,http://qamidhl.herokuapp.com/wp/wp-comments-post.php-1,200,OK,Thread Group 1-1,text,true,,169367,632,1,1,http://qamidhl.herokuapp.com/?p=5#comment-195,411,0,0
1644410434907,56,http://qamidhl.herokuapp.com/wp/wp-comments-post.php-2,200,OK,Thread Group 1-1,text,true,,9440,574,1,1,https://fonts.googleapis.com/css?family=Libre+Franklin%3A300%2C300i%2C400%2C400i%2C600%2C600i%2C800%2C800i&subset=latin%2Clatin-ext,50,0,0
1644410434908,84,http://qamidhl.herokuapp.com/wp/wp-comments-post.php-3,304,Not Modified,Thread Group 1-1,,true,,307,767,1,1,http://qamidhl.herokuapp.com/wp/wp-content/themes/twentyseventeen/style.css?ver=4.9.2,0,0,0
1644410434908,83,http://qamidhl.herokuapp.com/wp/wp-comments-post.php-4,304,Not Modified,Thread Group 1-1,,true,,307,756,1,1,http://qamidhl.herokuapp.com/wp/wp-includes/js/jquery/jquery.js?ver=1.12.4,0,0,0
1644410434909,84,http://qamidhl.herokuapp.com/wp/wp-comments-post.php-5,304,Not Modified,Thread Group 1-1,,true,,306,766,1,1,http://qamidhl.herokuapp.com/wp/wp-includes/js/jquery/jquery-migrate.min.js?ver=1.4.1,0,0,0
1644410434909,85,http://qamidhl.herokuapp.com/wp/wp-comments-post.php-6,304,Not Modified,Thread Group 1-1,,true,,301,772,1,1,http://qamidhl.herokuapp.com/wp/wp-content/themes/twentyseventeen/assets/images/header.jpg,0,0,0
1644410434909,49,http://qamidhl.herokuapp.com/wp/wp-comments-post.php-7,304,Not Modified,Thread Group 1-1,,true,,452,520,1,1,http://1.gravatar.com/avatar/42f33b596d391621a9fc8c7d90a394c3?s=100&d=mm&r=g,0,0,0
1644410434959,49,http://qamidhl.herokuapp.com/wp/wp-comments-post.php-8,304,Not Modified,Thread Group 1-1,,true,,452,520,1,1,http://2.gravatar.com/avatar/2a9c6cd6f5453123bf5eb32db1da4358?s=100&d=mm&r=g,0,0,0
1644410434964,89,http://qamidhl.herokuapp.com/wp/wp-comments-post.php-9,304,Not Modified,Thread Group 1-1,,true,,305,786,1,1,http://qamidhl.herokuapp.com/wp/wp-content/themes/twentyseventeen/assets/js/skip-link-focus-fix.js?ver=1.0,0,0,0
1644410434992,84,http://qamidhl.herokuapp.com/wp/wp-comments-post.php-10,304,Not Modified,Thread Group 1-1,,true,,306,774,1,1,http://qamidhl.herokuapp.com/wp/wp-content/themes/twentyseventeen/assets/js/global.js?ver=1.0,0,0,0
1644410434992,83,http://qamidhl.herokuapp.com/wp/wp-comments-post.php-11,304,Not Modified,Thread Group 1-1,,true,,306,785,1,1,http://qamidhl.herokuapp.com/wp/wp-content/themes/twentyseventeen/assets/js/jquery.scrollTo.js?ver=2.1.2,0,0,0
1644410434993,84,http://qamidhl.herokuapp.com/wp/wp-comments-post.php-12,304,Not Modified,Thread Group 1-1,,true,,305,757,1,1,http://qamidhl.herokuapp.com/wp/wp-includes/js/comment-reply.min.js?ver=4.9.2,0,0,0
1644410434995,85,http://qamidhl.herokuapp.com/wp/wp-comments-post.php-13,304,Not Modified,Thread Group 1-1,,true,,305,752,1,1,http://qamidhl.herokuapp.com/wp/wp-includes/js/wp-embed.min.js?ver=4.9.2,0,0,0
1644410431989,1118,post comment,200,"Number of samples in transaction : 1, number of failing samples : 0",Thread Group 1-1,,true,,183246,9857,1,1,null,271,1981,0
